I’m checking the package layout and the existing files before I translate `cat.c`, then I’ll implement the Go CLI and verify it against the provided I/O spec.
I found only the task inputs and no existing Go code, so I’m reading the modality note and then I’ll write the translation from scratch.
I’ve got the behavior model now. I’m writing a single-file Go `main` with manual GNU-style option parsing and streaming byte transforms so the state carries across files like the C version.
I found one behavioral mismatch in the first pass: blank-line numbering. I’m fixing that before I run the spec checks.
The implementation is in place. I’m building it now and then I’ll run a few of the provided spec cases directly against the generated binary.
The binary builds, but the spec test paths aren’t rooted where I first expected. I’m locating the generated test fixtures, then I’ll rerun the sample cases against the actual files.
I caught the other important mismatch: file errors were using Go’s default `open ...: no such file or directory` form. I’m normalizing those to GNU-style `cat: file: No such file or directory` before I recheck.
I’m doing a direct smoke test now with locally recreated inputs that match the spec examples, including numbering, squeeze-blank, tabs, and CRLF handling.
I found two more GNU-cat details to correct: `-s` should keep one blank line, and `-E` needs the `\r\n` special case. I’m patching both in the streaming loop now.
The CR flush landed in the wrong place after the EOF return. I’m moving that flush into the EOF path so pending carriage returns are preserved across file boundaries and at final EOF.
I’ve corrected the CRLF path and the blank-line counter. I’m rerunning the smoke tests to confirm the outputs line up with the spec cases.
I’m doing one oracle comparison pass against `/usr/bin/cat` on a few representative byte patterns to catch anything subtle in `-v/-A/-e/-t` and the line-numbering modes.
The core option matrix matches GNU `cat` on the byte patterns I tested. I’m checking the multi-file and stdin cases now so the state carry-over is covered too.
I’m doing one last edge check for the two stateful parts that matter most here: numbering across a file boundary without a trailing newline, and squeeze-blank across files.
One of the boundary checks diverged, so I’m isolating it now instead of guessing. I’ll compare our output and GNU `cat` directly to see whether the issue is numbering or blank-line squeezing.
The boundary mismatch is only on the no-trailing-newline case, so I’m looking at the exact bytes to see whether the issue is in line numbering or in how the file boundary is being joined.
I found the real boundary bug: `lineStart` was local to each file, so a file without a trailing newline reset the numbering state on the next file. I’m moving that into the shared state now.
I’m making the file-boundary state fully persistent now, including early returns, so the next file sees the right line-start position even if the previous file errored mid-stream.
The line-start state now persists across files and across exits from the stream loop. I’m rerunning the boundary comparisons to confirm the fix.
Implemented a standalone Go `cat` in `main.go` with `go.mod`.

What it covers:
- `-A`, `-b`, `-e`, `-E`, `-n`, `-s`, `-t`, `-T`, `-u`, `-v`
- matching long options
- stdin / `-`
- multiple files with preserved numbering and squeeze-blank state
- GNU-style `-E` CRLF handling
- GNU-style file error messages

Verified:
- `go build .`
- compared several modes against `/usr/bin/cat`
- checked cross-file boundary cases for numbering and squeeze-blank
